<?xml version="1.0" encoding="UTF-8"?>
<coverage generated="1648666951460" clover="3.2.0">
  <project timestamp="1648666951460" name="All files">
    <metrics statements="120" coveredstatements="82" conditionals="34" coveredconditionals="12" methods="20" coveredmethods="12" elements="174" coveredelements="106" complexity="0" loc="120" ncloc="120" packages="1" files="1" classes="1"/>
    <file name="view.ts" path="C:\Users\HP\OneDrive\Рабочий стол\JqueryRangePlugin\src\app\view\view.ts">
      <metrics statements="120" coveredstatements="82" conditionals="34" coveredconditionals="12" methods="20" coveredmethods="12"/>
      <line num="37" count="12" type="stmt"/>
      <line num="38" count="12" type="stmt"/>
      <line num="39" count="12" type="stmt"/>
      <line num="40" count="12" type="stmt"/>
      <line num="41" count="12" type="stmt"/>
      <line num="42" count="12" type="stmt"/>
      <line num="43" count="12" type="stmt"/>
      <line num="44" count="12" type="stmt"/>
      <line num="45" count="12" type="stmt"/>
      <line num="46" count="12" type="stmt"/>
      <line num="49" count="12" type="stmt"/>
      <line num="53" count="1" type="stmt"/>
      <line num="54" count="1" type="stmt"/>
      <line num="55" count="1" type="stmt"/>
      <line num="58" count="12" type="stmt"/>
      <line num="59" count="12" type="stmt"/>
      <line num="60" count="12" type="stmt"/>
      <line num="61" count="12" type="stmt"/>
      <line num="64" count="12" type="stmt"/>
      <line num="65" count="12" type="stmt"/>
      <line num="66" count="12" type="stmt"/>
      <line num="73" count="12" type="stmt"/>
      <line num="74" count="12" type="stmt"/>
      <line num="77" count="12" type="stmt"/>
      <line num="78" count="12" type="cond" truecount="1" falsecount="1"/>
      <line num="80" count="12" type="cond" truecount="1" falsecount="1"/>
      <line num="81" count="12" type="stmt"/>
      <line num="82" count="12" type="stmt"/>
      <line num="85" count="12" type="stmt"/>
      <line num="86" count="12" type="stmt"/>
      <line num="87" count="12" type="stmt"/>
      <line num="89" count="12" type="stmt"/>
      <line num="90" count="12" type="stmt"/>
      <line num="93" count="12" type="stmt"/>
      <line num="94" count="12" type="stmt"/>
      <line num="95" count="12" type="stmt"/>
      <line num="98" count="12" type="stmt"/>
      <line num="99" count="0" type="stmt"/>
      <line num="101" count="0" type="stmt"/>
      <line num="102" count="0" type="cond" truecount="0" falsecount="2"/>
      <line num="103" count="0" type="stmt"/>
      <line num="104" count="0" type="stmt"/>
      <line num="106" count="0" type="stmt"/>
      <line num="107" count="0" type="stmt"/>
      <line num="109" count="0" type="stmt"/>
      <line num="110" count="0" type="stmt"/>
      <line num="111" count="0" type="stmt"/>
      <line num="113" count="0" type="stmt"/>
      <line num="114" count="0" type="stmt"/>
      <line num="115" count="0" type="stmt"/>
      <line num="116" count="0" type="stmt"/>
      <line num="118" count="0" type="stmt"/>
      <line num="119" count="0" type="stmt"/>
      <line num="122" count="12" type="stmt"/>
      <line num="123" count="0" type="cond" truecount="0" falsecount="2"/>
      <line num="124" count="0" type="cond" truecount="0" falsecount="2"/>
      <line num="126" count="0" type="stmt"/>
      <line num="127" count="0" type="stmt"/>
      <line num="129" count="0" type="stmt"/>
      <line num="130" count="0" type="stmt"/>
      <line num="133" count="0" type="stmt"/>
      <line num="134" count="0" type="stmt"/>
      <line num="136" count="0" type="stmt"/>
      <line num="137" count="0" type="stmt"/>
      <line num="140" count="12" type="stmt"/>
      <line num="141" count="0" type="stmt"/>
      <line num="142" count="0" type="stmt"/>
      <line num="145" count="12" type="stmt"/>
      <line num="146" count="0" type="stmt"/>
      <line num="150" count="0" type="stmt"/>
      <line num="153" count="12" type="stmt"/>
      <line num="154" count="0" type="stmt"/>
      <line num="155" count="0" type="stmt"/>
      <line num="158" count="12" type="stmt"/>
      <line num="159" count="24" type="cond" truecount="1" falsecount="1"/>
      <line num="160" count="24" type="stmt"/>
      <line num="162" count="0" type="stmt"/>
      <line num="166" count="12" type="stmt"/>
      <line num="167" count="12" type="stmt"/>
      <line num="168" count="12" type="stmt"/>
      <line num="169" count="12" type="stmt"/>
      <line num="170" count="12" type="stmt"/>
      <line num="171" count="12" type="stmt"/>
      <line num="172" count="12" type="stmt"/>
      <line num="173" count="12" type="stmt"/>
      <line num="175" count="12" type="stmt"/>
      <line num="176" count="12" type="stmt"/>
      <line num="178" count="12" type="stmt"/>
      <line num="179" count="12" type="stmt"/>
      <line num="181" count="12" type="cond" truecount="1" falsecount="1"/>
      <line num="182" count="12" type="cond" truecount="1" falsecount="1"/>
      <line num="183" count="12" type="stmt"/>
      <line num="186" count="12" type="stmt"/>
      <line num="187" count="12" type="cond" truecount="1" falsecount="1"/>
      <line num="188" count="0" type="stmt"/>
      <line num="191" count="0" type="stmt"/>
      <line num="192" count="0" type="cond" truecount="0" falsecount="2"/>
      <line num="194" count="12" type="stmt"/>
      <line num="198" count="12" type="stmt"/>
      <line num="199" count="12" type="stmt"/>
      <line num="200" count="12" type="stmt"/>
      <line num="201" count="12" type="stmt"/>
      <line num="202" count="12" type="stmt"/>
      <line num="204" count="12" type="stmt"/>
      <line num="220" count="12" type="stmt"/>
      <line num="221" count="12" type="stmt"/>
      <line num="222" count="12" type="stmt"/>
      <line num="223" count="12" type="stmt"/>
      <line num="224" count="12" type="stmt"/>
      <line num="227" count="12" type="stmt"/>
      <line num="228" count="36" type="cond" truecount="1" falsecount="1"/>
      <line num="233" count="12" type="stmt"/>
      <line num="234" count="0" type="cond" truecount="0" falsecount="2"/>
      <line num="237" count="0" type="stmt"/>
      <line num="244" count="12" type="stmt"/>
      <line num="245" count="84" type="stmt"/>
      <line num="246" count="84" type="stmt"/>
      <line num="247" count="84" type="cond" truecount="1" falsecount="1"/>
      <line num="248" count="84" type="stmt"/>
      <line num="249" count="84" type="stmt"/>
    </file>
  </project>
</coverage>
