{"C:\\Users\\HP\\OneDrive\\Рабочий стол\\JqueryRangePlugin\\src\\app\\options.ts": {"path":"C:\\Users\\HP\\OneDrive\\Рабочий стол\\JqueryRangePlugin\\src\\app\\options.ts","statementMap":{"0":{"start":{"line":1,"column":34},"end":{"line":9,"column":1}}},"fnMap":{},"branchMap":{},"s":{"0":4},"f":{},"b":{},"_coverageSchema":"1a1c01bbd47fc00a2c39e90264f33305004495a9","hash":"51d155731f8e7818e09ad72ea08eb9fed8a985b3"}
,"C:\\Users\\HP\\OneDrive\\Рабочий стол\\JqueryRangePlugin\\src\\app\\model\\model.ts": {"path":"C:\\Users\\HP\\OneDrive\\Рабочий стол\\JqueryRangePlugin\\src\\app\\model\\model.ts","statementMap":{"0":{"start":{"line":11,"column":31},"end":{"line":11,"column":65}},"1":{"start":{"line":14,"column":8},"end":{"line":14,"column":50}},"2":{"start":{"line":15,"column":8},"end":{"line":15,"column":63}},"3":{"start":{"line":18,"column":20},"end":{"line":21,"column":5}},"4":{"start":{"line":19,"column":8},"end":{"line":19,"column":42}},"5":{"start":{"line":20,"column":8},"end":{"line":20,"column":45}},"6":{"start":{"line":23,"column":32},"end":{"line":49,"column":5}},"7":{"start":{"line":24,"column":33},"end":{"line":24,"column":53}},"8":{"start":{"line":25,"column":45},"end":{"line":25,"column":61}},"9":{"start":{"line":29,"column":8},"end":{"line":37,"column":9}},"10":{"start":{"line":30,"column":12},"end":{"line":36,"column":13}},"11":{"start":{"line":31,"column":16},"end":{"line":33,"column":17}},"12":{"start":{"line":32,"column":20},"end":{"line":32,"column":63}},"13":{"start":{"line":34,"column":19},"end":{"line":36,"column":13}},"14":{"start":{"line":35,"column":16},"end":{"line":35,"column":60}},"15":{"start":{"line":41,"column":8},"end":{"line":41,"column":49}},"16":{"start":{"line":41,"column":23},"end":{"line":41,"column":49}},"17":{"start":{"line":42,"column":8},"end":{"line":42,"column":74}},"18":{"start":{"line":42,"column":23},"end":{"line":42,"column":74}},"19":{"start":{"line":43,"column":8},"end":{"line":43,"column":106}},"20":{"start":{"line":43,"column":39},"end":{"line":43,"column":106}},"21":{"start":{"line":44,"column":8},"end":{"line":44,"column":82}},"22":{"start":{"line":44,"column":39},"end":{"line":44,"column":82}},"23":{"start":{"line":45,"column":8},"end":{"line":45,"column":108}},"24":{"start":{"line":45,"column":40},"end":{"line":45,"column":108}},"25":{"start":{"line":46,"column":8},"end":{"line":46,"column":86}},"26":{"start":{"line":46,"column":41},"end":{"line":46,"column":86}},"27":{"start":{"line":48,"column":8},"end":{"line":48,"column":32}},"28":{"start":{"line":51,"column":23},"end":{"line":53,"column":5}},"29":{"start":{"line":52,"column":8},"end":{"line":52,"column":44}}},"fnMap":{"0":{"name":"(anonymous_0)","decl":{"start":{"line":11,"column":4},"end":{"line":11,"column":5}},"loc":{"start":{"line":11,"column":29},"end":{"line":11,"column":67}},"line":11},"1":{"name":"(anonymous_1)","decl":{"start":{"line":13,"column":4},"end":{"line":13,"column":5}},"loc":{"start":{"line":13,"column":35},"end":{"line":16,"column":5}},"line":13},"2":{"name":"(anonymous_2)","decl":{"start":{"line":18,"column":20},"end":{"line":18,"column":21}},"loc":{"start":{"line":18,"column":47},"end":{"line":21,"column":5}},"line":18},"3":{"name":"(anonymous_3)","decl":{"start":{"line":23,"column":32},"end":{"line":23,"column":33}},"loc":{"start":{"line":23,"column":74},"end":{"line":49,"column":5}},"line":23},"4":{"name":"(anonymous_4)","decl":{"start":{"line":51,"column":23},"end":{"line":51,"column":24}},"loc":{"start":{"line":51,"column":66},"end":{"line":53,"column":5}},"line":51}},"branchMap":{"0":{"loc":{"start":{"line":30,"column":12},"end":{"line":36,"column":13}},"type":"if","locations":[{"start":{"line":30,"column":12},"end":{"line":36,"column":13}},{"start":{"line":30,"column":12},"end":{"line":36,"column":13}}],"line":30},"1":{"loc":{"start":{"line":30,"column":16},"end":{"line":30,"column":56}},"type":"binary-expr","locations":[{"start":{"line":30,"column":17},"end":{"line":30,"column":32}},{"start":{"line":30,"column":38},"end":{"line":30,"column":55}}],"line":30},"2":{"loc":{"start":{"line":31,"column":16},"end":{"line":33,"column":17}},"type":"if","locations":[{"start":{"line":31,"column":16},"end":{"line":33,"column":17}},{"start":{"line":31,"column":16},"end":{"line":33,"column":17}}],"line":31},"3":{"loc":{"start":{"line":34,"column":19},"end":{"line":36,"column":13}},"type":"if","locations":[{"start":{"line":34,"column":19},"end":{"line":36,"column":13}},{"start":{"line":34,"column":19},"end":{"line":36,"column":13}}],"line":34},"4":{"loc":{"start":{"line":41,"column":8},"end":{"line":41,"column":49}},"type":"if","locations":[{"start":{"line":41,"column":8},"end":{"line":41,"column":49}},{"start":{"line":41,"column":8},"end":{"line":41,"column":49}}],"line":41},"5":{"loc":{"start":{"line":42,"column":8},"end":{"line":42,"column":74}},"type":"if","locations":[{"start":{"line":42,"column":8},"end":{"line":42,"column":74}},{"start":{"line":42,"column":8},"end":{"line":42,"column":74}}],"line":42},"6":{"loc":{"start":{"line":43,"column":8},"end":{"line":43,"column":106}},"type":"if","locations":[{"start":{"line":43,"column":8},"end":{"line":43,"column":106}},{"start":{"line":43,"column":8},"end":{"line":43,"column":106}}],"line":43},"7":{"loc":{"start":{"line":44,"column":8},"end":{"line":44,"column":82}},"type":"if","locations":[{"start":{"line":44,"column":8},"end":{"line":44,"column":82}},{"start":{"line":44,"column":8},"end":{"line":44,"column":82}}],"line":44},"8":{"loc":{"start":{"line":45,"column":8},"end":{"line":45,"column":108}},"type":"if","locations":[{"start":{"line":45,"column":8},"end":{"line":45,"column":108}},{"start":{"line":45,"column":8},"end":{"line":45,"column":108}}],"line":45},"9":{"loc":{"start":{"line":46,"column":8},"end":{"line":46,"column":86}},"type":"if","locations":[{"start":{"line":46,"column":8},"end":{"line":46,"column":86}},{"start":{"line":46,"column":8},"end":{"line":46,"column":86}}],"line":46}},"s":{"0":4,"1":4,"2":4,"3":4,"4":0,"5":0,"6":4,"7":4,"8":4,"9":4,"10":12,"11":4,"12":0,"13":8,"14":0,"15":4,"16":0,"17":4,"18":0,"19":4,"20":0,"21":4,"22":0,"23":4,"24":0,"25":4,"26":0,"27":4,"28":4,"29":8},"f":{"0":4,"1":4,"2":0,"3":4,"4":8},"b":{"0":[4,8],"1":[12,8],"2":[0,4],"3":[0,8],"4":[0,4],"5":[0,4],"6":[0,4],"7":[0,4],"8":[0,4],"9":[0,4]},"_coverageSchema":"1a1c01bbd47fc00a2c39e90264f33305004495a9","hash":"462af507a35543cbd4456679b7c0b90d5abc3ba2"}
,"C:\\Users\\HP\\OneDrive\\Рабочий стол\\JqueryRangePlugin\\src\\app\\presenter\\presenter.ts": {"path":"C:\\Users\\HP\\OneDrive\\Рабочий стол\\JqueryRangePlugin\\src\\app\\presenter\\presenter.ts","statementMap":{"0":{"start":{"line":10,"column":8},"end":{"line":10,"column":25}},"1":{"start":{"line":11,"column":8},"end":{"line":11,"column":27}},"2":{"start":{"line":12,"column":8},"end":{"line":12,"column":20}},"3":{"start":{"line":15,"column":11},"end":{"line":31,"column":5}},"4":{"start":{"line":16,"column":8},"end":{"line":25,"column":11}},"5":{"start":{"line":17,"column":12},"end":{"line":17,"column":39}},"6":{"start":{"line":19,"column":12},"end":{"line":24,"column":15}},"7":{"start":{"line":20,"column":16},"end":{"line":20,"column":38}},"8":{"start":{"line":26,"column":8},"end":{"line":28,"column":11}},"9":{"start":{"line":27,"column":12},"end":{"line":27,"column":44}},"10":{"start":{"line":33,"column":21},"end":{"line":35,"column":5}},"11":{"start":{"line":34,"column":8},"end":{"line":34,"column":52}},"12":{"start":{"line":37,"column":13},"end":{"line":38,"column":5}}},"fnMap":{"0":{"name":"(anonymous_0)","decl":{"start":{"line":9,"column":4},"end":{"line":9,"column":5}},"loc":{"start":{"line":9,"column":42},"end":{"line":13,"column":5}},"line":9},"1":{"name":"(anonymous_1)","decl":{"start":{"line":15,"column":11},"end":{"line":15,"column":12}},"loc":{"start":{"line":15,"column":17},"end":{"line":31,"column":5}},"line":15},"2":{"name":"(anonymous_2)","decl":{"start":{"line":16,"column":35},"end":{"line":16,"column":36}},"loc":{"start":{"line":16,"column":46},"end":{"line":25,"column":9}},"line":16},"3":{"name":"(anonymous_3)","decl":{"start":{"line":19,"column":39},"end":{"line":19,"column":40}},"loc":{"start":{"line":19,"column":50},"end":{"line":24,"column":13}},"line":19},"4":{"name":"(anonymous_4)","decl":{"start":{"line":26,"column":49},"end":{"line":26,"column":50}},"loc":{"start":{"line":26,"column":55},"end":{"line":28,"column":9}},"line":26},"5":{"name":"(anonymous_5)","decl":{"start":{"line":33,"column":21},"end":{"line":33,"column":22}},"loc":{"start":{"line":33,"column":27},"end":{"line":35,"column":5}},"line":33},"6":{"name":"(anonymous_6)","decl":{"start":{"line":37,"column":13},"end":{"line":37,"column":14}},"loc":{"start":{"line":37,"column":19},"end":{"line":38,"column":5}},"line":37}},"branchMap":{},"s":{"0":4,"1":4,"2":4,"3":4,"4":5,"5":0,"6":0,"7":0,"8":5,"9":0,"10":4,"11":0,"12":4},"f":{"0":4,"1":5,"2":0,"3":0,"4":0,"5":0,"6":0},"b":{},"_coverageSchema":"1a1c01bbd47fc00a2c39e90264f33305004495a9","hash":"d7a761a01804fb5f8277622a91b1e8126cef2b52"}
,"C:\\Users\\HP\\OneDrive\\Рабочий стол\\JqueryRangePlugin\\src\\app\\view\\view.ts": {"path":"C:\\Users\\HP\\OneDrive\\Рабочий стол\\JqueryRangePlugin\\src\\app\\view\\view.ts","statementMap":{"0":{"start":{"line":37,"column":8},"end":{"line":37,"column":27}},"1":{"start":{"line":38,"column":8},"end":{"line":38,"column":31}},"2":{"start":{"line":39,"column":8},"end":{"line":39,"column":35}},"3":{"start":{"line":40,"column":8},"end":{"line":40,"column":29}},"4":{"start":{"line":41,"column":8},"end":{"line":41,"column":29}},"5":{"start":{"line":42,"column":8},"end":{"line":42,"column":35}},"6":{"start":{"line":43,"column":8},"end":{"line":43,"column":35}},"7":{"start":{"line":44,"column":8},"end":{"line":44,"column":47}},"8":{"start":{"line":45,"column":8},"end":{"line":45,"column":46}},"9":{"start":{"line":46,"column":8},"end":{"line":46,"column":20}},"10":{"start":{"line":49,"column":11},"end":{"line":52,"column":5}},"11":{"start":{"line":50,"column":8},"end":{"line":50,"column":28}},"12":{"start":{"line":51,"column":8},"end":{"line":51,"column":22}},"13":{"start":{"line":54,"column":19},"end":{"line":59,"column":5}},"14":{"start":{"line":55,"column":8},"end":{"line":55,"column":148}},"15":{"start":{"line":56,"column":8},"end":{"line":56,"column":44}},"16":{"start":{"line":58,"column":8},"end":{"line":58,"column":50}},"17":{"start":{"line":61,"column":13},"end":{"line":125,"column":5}},"18":{"start":{"line":62,"column":26},"end":{"line":62,"column":45}},"19":{"start":{"line":63,"column":31},"end":{"line":63,"column":51}},"20":{"start":{"line":64,"column":36},"end":{"line":64,"column":73}},"21":{"start":{"line":65,"column":25},"end":{"line":65,"column":43}},"22":{"start":{"line":66,"column":30},"end":{"line":66,"column":49}},"23":{"start":{"line":67,"column":24},"end":{"line":67,"column":43}},"24":{"start":{"line":68,"column":29},"end":{"line":68,"column":59}},"25":{"start":{"line":69,"column":24},"end":{"line":69,"column":43}},"26":{"start":{"line":70,"column":24},"end":{"line":70,"column":36}},"27":{"start":{"line":71,"column":25},"end":{"line":71,"column":67}},"28":{"start":{"line":73,"column":8},"end":{"line":73,"column":38}},"29":{"start":{"line":74,"column":8},"end":{"line":74,"column":45}},"30":{"start":{"line":75,"column":8},"end":{"line":75,"column":81}},"31":{"start":{"line":76,"column":8},"end":{"line":76,"column":88}},"32":{"start":{"line":77,"column":8},"end":{"line":77,"column":34}},"33":{"start":{"line":78,"column":8},"end":{"line":78,"column":34}},"34":{"start":{"line":82,"column":8},"end":{"line":84,"column":9}},"35":{"start":{"line":83,"column":12},"end":{"line":83,"column":39}},"36":{"start":{"line":87,"column":8},"end":{"line":111,"column":9}},"37":{"start":{"line":88,"column":12},"end":{"line":90,"column":35}},"38":{"start":{"line":91,"column":12},"end":{"line":93,"column":79}},"39":{"start":{"line":94,"column":12},"end":{"line":97,"column":14}},"40":{"start":{"line":98,"column":39},"end":{"line":98,"column":75}},"41":{"start":{"line":101,"column":12},"end":{"line":107,"column":13}},"42":{"start":{"line":105,"column":16},"end":{"line":105,"column":49}},"43":{"start":{"line":106,"column":16},"end":{"line":106,"column":90}},"44":{"start":{"line":108,"column":12},"end":{"line":110,"column":13}},"45":{"start":{"line":109,"column":16},"end":{"line":109,"column":43}},"46":{"start":{"line":127,"column":16},"end":{"line":197,"column":5}},"47":{"start":{"line":128,"column":23},"end":{"line":128,"column":39}},"48":{"start":{"line":129,"column":26},"end":{"line":129,"column":55}},"49":{"start":{"line":130,"column":24},"end":{"line":130,"column":43}},"50":{"start":{"line":131,"column":29},"end":{"line":131,"column":49}},"51":{"start":{"line":132,"column":34},"end":{"line":132,"column":71}},"52":{"start":{"line":133,"column":23},"end":{"line":133,"column":41}},"53":{"start":{"line":134,"column":28},"end":{"line":134,"column":47}},"54":{"start":{"line":135,"column":33},"end":{"line":135,"column":69}},"55":{"start":{"line":136,"column":22},"end":{"line":136,"column":34}},"56":{"start":{"line":137,"column":23},"end":{"line":137,"column":65}},"57":{"start":{"line":138,"column":25},"end":{"line":138,"column":44}},"58":{"start":{"line":139,"column":29},"end":{"line":139,"column":68}},"59":{"start":{"line":140,"column":30},"end":{"line":140,"column":76}},"60":{"start":{"line":142,"column":8},"end":{"line":142,"column":31}},"61":{"start":{"line":144,"column":23},"end":{"line":183,"column":9}},"62":{"start":{"line":146,"column":32},"end":{"line":146,"column":51}},"63":{"start":{"line":147,"column":33},"end":{"line":147,"column":53}},"64":{"start":{"line":148,"column":30},"end":{"line":148,"column":47}},"65":{"start":{"line":152,"column":12},"end":{"line":182,"column":13}},"66":{"start":{"line":153,"column":36},"end":{"line":153,"column":58}},"67":{"start":{"line":155,"column":16},"end":{"line":155,"column":92}},"68":{"start":{"line":157,"column":16},"end":{"line":157,"column":100}},"69":{"start":{"line":159,"column":16},"end":{"line":172,"column":17}},"70":{"start":{"line":160,"column":20},"end":{"line":162,"column":21}},"71":{"start":{"line":161,"column":24},"end":{"line":161,"column":145}},"72":{"start":{"line":165,"column":20},"end":{"line":171,"column":21}},"73":{"start":{"line":169,"column":24},"end":{"line":169,"column":58}},"74":{"start":{"line":170,"column":24},"end":{"line":170,"column":145}},"75":{"start":{"line":174,"column":16},"end":{"line":176,"column":17}},"76":{"start":{"line":177,"column":16},"end":{"line":180,"column":19}},"77":{"start":{"line":185,"column":28},"end":{"line":187,"column":9}},"78":{"start":{"line":186,"column":12},"end":{"line":186,"column":37}},"79":{"start":{"line":189,"column":8},"end":{"line":189,"column":41}},"80":{"start":{"line":191,"column":24},"end":{"line":194,"column":9}},"81":{"start":{"line":192,"column":12},"end":{"line":192,"column":54}},"82":{"start":{"line":195,"column":8},"end":{"line":195,"column":49}},"83":{"start":{"line":196,"column":8},"end":{"line":196,"column":43}},"84":{"start":{"line":199,"column":23},"end":{"line":201,"column":5}},"85":{"start":{"line":200,"column":8},"end":{"line":200,"column":43}},"86":{"start":{"line":203,"column":23},"end":{"line":205,"column":5}},"87":{"start":{"line":204,"column":8},"end":{"line":204,"column":43}},"88":{"start":{"line":207,"column":31},"end":{"line":209,"column":5}},"89":{"start":{"line":208,"column":8},"end":{"line":208,"column":45}},"90":{"start":{"line":212,"column":30},"end":{"line":212,"column":63}},"91":{"start":{"line":213,"column":31},"end":{"line":213,"column":65}},"92":{"start":{"line":214,"column":8},"end":{"line":217,"column":9}},"93":{"start":{"line":221,"column":8},"end":{"line":224,"column":29}},"94":{"start":{"line":228,"column":28},"end":{"line":228,"column":67}},"95":{"start":{"line":229,"column":25},"end":{"line":229,"column":67}},"96":{"start":{"line":230,"column":8},"end":{"line":230,"column":115}}},"fnMap":{"0":{"name":"(anonymous_0)","decl":{"start":{"line":36,"column":4},"end":{"line":36,"column":5}},"loc":{"start":{"line":36,"column":63},"end":{"line":47,"column":5}},"line":36},"1":{"name":"(anonymous_1)","decl":{"start":{"line":49,"column":11},"end":{"line":49,"column":12}},"loc":{"start":{"line":49,"column":17},"end":{"line":52,"column":5}},"line":49},"2":{"name":"(anonymous_2)","decl":{"start":{"line":54,"column":19},"end":{"line":54,"column":20}},"loc":{"start":{"line":54,"column":25},"end":{"line":59,"column":5}},"line":54},"3":{"name":"(anonymous_3)","decl":{"start":{"line":61,"column":13},"end":{"line":61,"column":14}},"loc":{"start":{"line":61,"column":19},"end":{"line":125,"column":5}},"line":61},"4":{"name":"(anonymous_4)","decl":{"start":{"line":127,"column":16},"end":{"line":127,"column":17}},"loc":{"start":{"line":127,"column":34},"end":{"line":197,"column":5}},"line":127},"5":{"name":"(anonymous_5)","decl":{"start":{"line":144,"column":23},"end":{"line":144,"column":24}},"loc":{"start":{"line":144,"column":57},"end":{"line":183,"column":9}},"line":144},"6":{"name":"(anonymous_6)","decl":{"start":{"line":185,"column":28},"end":{"line":185,"column":29}},"loc":{"start":{"line":185,"column":69},"end":{"line":187,"column":9}},"line":185},"7":{"name":"(anonymous_7)","decl":{"start":{"line":191,"column":24},"end":{"line":191,"column":25}},"loc":{"start":{"line":191,"column":30},"end":{"line":194,"column":9}},"line":191},"8":{"name":"(anonymous_8)","decl":{"start":{"line":199,"column":23},"end":{"line":199,"column":24}},"loc":{"start":{"line":199,"column":60},"end":{"line":201,"column":5}},"line":199},"9":{"name":"(anonymous_9)","decl":{"start":{"line":203,"column":23},"end":{"line":203,"column":24}},"loc":{"start":{"line":203,"column":60},"end":{"line":205,"column":5}},"line":203},"10":{"name":"(anonymous_10)","decl":{"start":{"line":207,"column":31},"end":{"line":207,"column":32}},"loc":{"start":{"line":207,"column":56},"end":{"line":209,"column":5}},"line":207},"11":{"name":"(anonymous_11)","decl":{"start":{"line":211,"column":4},"end":{"line":211,"column":5}},"loc":{"start":{"line":211,"column":20},"end":{"line":218,"column":5}},"line":211},"12":{"name":"(anonymous_12)","decl":{"start":{"line":220,"column":4},"end":{"line":220,"column":5}},"loc":{"start":{"line":220,"column":49},"end":{"line":225,"column":5}},"line":220},"13":{"name":"(anonymous_13)","decl":{"start":{"line":227,"column":4},"end":{"line":227,"column":5}},"loc":{"start":{"line":227,"column":33},"end":{"line":231,"column":5}},"line":227}},"branchMap":{"0":{"loc":{"start":{"line":82,"column":8},"end":{"line":84,"column":9}},"type":"if","locations":[{"start":{"line":82,"column":8},"end":{"line":84,"column":9}},{"start":{"line":82,"column":8},"end":{"line":84,"column":9}}],"line":82},"1":{"loc":{"start":{"line":87,"column":8},"end":{"line":111,"column":9}},"type":"if","locations":[{"start":{"line":87,"column":8},"end":{"line":111,"column":9}},{"start":{"line":87,"column":8},"end":{"line":111,"column":9}}],"line":87},"2":{"loc":{"start":{"line":101,"column":12},"end":{"line":107,"column":13}},"type":"if","locations":[{"start":{"line":101,"column":12},"end":{"line":107,"column":13}},{"start":{"line":101,"column":12},"end":{"line":107,"column":13}}],"line":101},"3":{"loc":{"start":{"line":108,"column":12},"end":{"line":110,"column":13}},"type":"if","locations":[{"start":{"line":108,"column":12},"end":{"line":110,"column":13}},{"start":{"line":108,"column":12},"end":{"line":110,"column":13}}],"line":108},"4":{"loc":{"start":{"line":152,"column":12},"end":{"line":182,"column":13}},"type":"if","locations":[{"start":{"line":152,"column":12},"end":{"line":182,"column":13}},{"start":{"line":152,"column":12},"end":{"line":182,"column":13}}],"line":152},"5":{"loc":{"start":{"line":152,"column":17},"end":{"line":152,"column":88}},"type":"binary-expr","locations":[{"start":{"line":152,"column":18},"end":{"line":152,"column":57}},{"start":{"line":152,"column":64},"end":{"line":152,"column":87}}],"line":152},"6":{"loc":{"start":{"line":159,"column":16},"end":{"line":172,"column":17}},"type":"if","locations":[{"start":{"line":159,"column":16},"end":{"line":172,"column":17}},{"start":{"line":159,"column":16},"end":{"line":172,"column":17}}],"line":159},"7":{"loc":{"start":{"line":160,"column":20},"end":{"line":162,"column":21}},"type":"if","locations":[{"start":{"line":160,"column":20},"end":{"line":162,"column":21}},{"start":{"line":160,"column":20},"end":{"line":162,"column":21}}],"line":160},"8":{"loc":{"start":{"line":161,"column":52},"end":{"line":161,"column":144}},"type":"cond-expr","locations":[{"start":{"line":161,"column":108},"end":{"line":161,"column":118}},{"start":{"line":161,"column":121},"end":{"line":161,"column":144}}],"line":161},"9":{"loc":{"start":{"line":165,"column":20},"end":{"line":171,"column":21}},"type":"if","locations":[{"start":{"line":165,"column":20},"end":{"line":171,"column":21}},{"start":{"line":165,"column":20},"end":{"line":171,"column":21}}],"line":165},"10":{"loc":{"start":{"line":174,"column":16},"end":{"line":176,"column":17}},"type":"if","locations":[{"start":{"line":174,"column":16},"end":{"line":176,"column":17}},{"start":{"line":174,"column":16},"end":{"line":176,"column":17}}],"line":174}},"s":{"0":4,"1":4,"2":4,"3":4,"4":4,"5":4,"6":4,"7":4,"8":4,"9":4,"10":4,"11":4,"12":4,"13":4,"14":4,"15":4,"16":4,"17":4,"18":4,"19":4,"20":4,"21":4,"22":4,"23":4,"24":4,"25":4,"26":4,"27":4,"28":4,"29":4,"30":4,"31":4,"32":4,"33":4,"34":4,"35":4,"36":4,"37":4,"38":4,"39":4,"40":4,"41":4,"42":4,"43":4,"44":4,"45":4,"46":4,"47":0,"48":0,"49":0,"50":0,"51":0,"52":0,"53":0,"54":0,"55":0,"56":0,"57":0,"58":0,"59":0,"60":0,"61":0,"62":0,"63":0,"64":0,"65":0,"66":0,"67":0,"68":0,"69":0,"70":0,"71":0,"72":0,"73":0,"74":0,"75":0,"76":0,"77":0,"78":0,"79":0,"80":0,"81":0,"82":0,"83":0,"84":4,"85":5,"86":4,"87":0,"88":4,"89":0,"90":0,"91":0,"92":0,"93":0,"94":8,"95":8,"96":8},"f":{"0":4,"1":4,"2":4,"3":4,"4":0,"5":0,"6":0,"7":0,"8":5,"9":0,"10":0,"11":0,"12":0,"13":8},"b":{"0":[4,0],"1":[4,0],"2":[4,0],"3":[4,0],"4":[0,0],"5":[0,0],"6":[0,0],"7":[0,0],"8":[0,0],"9":[0,0],"10":[0,0]},"_coverageSchema":"1a1c01bbd47fc00a2c39e90264f33305004495a9","hash":"b23765168580d5c0599228100d61f2904da52e26"}
}
