{"C:\\Users\\HP\\OneDrive\\Рабочий стол\\JqueryRangePlugin\\src\\app\\view\\view.ts": {"path":"C:\\Users\\HP\\OneDrive\\Рабочий стол\\JqueryRangePlugin\\src\\app\\view\\view.ts","statementMap":{"0":{"start":{"line":37,"column":8},"end":{"line":37,"column":27}},"1":{"start":{"line":38,"column":8},"end":{"line":38,"column":38}},"2":{"start":{"line":39,"column":8},"end":{"line":39,"column":45}},"3":{"start":{"line":40,"column":8},"end":{"line":40,"column":53}},"4":{"start":{"line":41,"column":8},"end":{"line":41,"column":35}},"5":{"start":{"line":42,"column":8},"end":{"line":42,"column":29}},"6":{"start":{"line":43,"column":8},"end":{"line":43,"column":29}},"7":{"start":{"line":44,"column":8},"end":{"line":44,"column":35}},"8":{"start":{"line":45,"column":8},"end":{"line":45,"column":90}},"9":{"start":{"line":46,"column":8},"end":{"line":46,"column":20}},"10":{"start":{"line":49,"column":31},"end":{"line":56,"column":5}},"11":{"start":{"line":53,"column":8},"end":{"line":53,"column":50}},"12":{"start":{"line":54,"column":8},"end":{"line":54,"column":50}},"13":{"start":{"line":55,"column":8},"end":{"line":55,"column":46}},"14":{"start":{"line":58,"column":19},"end":{"line":62,"column":5}},"15":{"start":{"line":59,"column":8},"end":{"line":59,"column":28}},"16":{"start":{"line":60,"column":8},"end":{"line":60,"column":22}},"17":{"start":{"line":61,"column":8},"end":{"line":61,"column":33}},"18":{"start":{"line":64,"column":27},"end":{"line":75,"column":5}},"19":{"start":{"line":65,"column":8},"end":{"line":65,"column":38}},"20":{"start":{"line":66,"column":8},"end":{"line":72,"column":10}},"21":{"start":{"line":73,"column":8},"end":{"line":73,"column":44}},"22":{"start":{"line":74,"column":8},"end":{"line":74,"column":59}},"23":{"start":{"line":77,"column":21},"end":{"line":91,"column":5}},"24":{"start":{"line":78,"column":8},"end":{"line":78,"column":68}},"25":{"start":{"line":78,"column":42},"end":{"line":78,"column":68}},"26":{"start":{"line":80,"column":8},"end":{"line":83,"column":9}},"27":{"start":{"line":81,"column":12},"end":{"line":81,"column":49}},"28":{"start":{"line":82,"column":12},"end":{"line":82,"column":55}},"29":{"start":{"line":85,"column":8},"end":{"line":85,"column":31}},"30":{"start":{"line":86,"column":8},"end":{"line":86,"column":58}},"31":{"start":{"line":87,"column":8},"end":{"line":87,"column":58}},"32":{"start":{"line":89,"column":8},"end":{"line":89,"column":50}},"33":{"start":{"line":90,"column":8},"end":{"line":90,"column":39}},"34":{"start":{"line":93,"column":32},"end":{"line":96,"column":5}},"35":{"start":{"line":94,"column":8},"end":{"line":94,"column":52}},"36":{"start":{"line":95,"column":8},"end":{"line":95,"column":53}},"37":{"start":{"line":98,"column":26},"end":{"line":120,"column":5}},"38":{"start":{"line":99,"column":8},"end":{"line":99,"column":31}},"39":{"start":{"line":101,"column":26},"end":{"line":112,"column":9}},"40":{"start":{"line":102,"column":12},"end":{"line":108,"column":13}},"41":{"start":{"line":103,"column":16},"end":{"line":103,"column":73}},"42":{"start":{"line":104,"column":16},"end":{"line":104,"column":50}},"43":{"start":{"line":106,"column":16},"end":{"line":106,"column":71}},"44":{"start":{"line":107,"column":16},"end":{"line":107,"column":48}},"45":{"start":{"line":109,"column":12},"end":{"line":109,"column":43}},"46":{"start":{"line":110,"column":12},"end":{"line":110,"column":35}},"47":{"start":{"line":111,"column":12},"end":{"line":111,"column":29}},"48":{"start":{"line":113,"column":24},"end":{"line":117,"column":9}},"49":{"start":{"line":114,"column":12},"end":{"line":114,"column":52}},"50":{"start":{"line":115,"column":12},"end":{"line":115,"column":48}},"51":{"start":{"line":116,"column":12},"end":{"line":116,"column":29}},"52":{"start":{"line":118,"column":8},"end":{"line":118,"column":47}},"53":{"start":{"line":119,"column":8},"end":{"line":119,"column":43}},"54":{"start":{"line":122,"column":27},"end":{"line":138,"column":5}},"55":{"start":{"line":123,"column":8},"end":{"line":135,"column":9}},"56":{"start":{"line":124,"column":12},"end":{"line":131,"column":13}},"57":{"start":{"line":126,"column":16},"end":{"line":126,"column":77}},"58":{"start":{"line":127,"column":16},"end":{"line":127,"column":50}},"59":{"start":{"line":129,"column":16},"end":{"line":129,"column":75}},"60":{"start":{"line":130,"column":16},"end":{"line":130,"column":48}},"61":{"start":{"line":133,"column":12},"end":{"line":133,"column":71}},"62":{"start":{"line":134,"column":12},"end":{"line":134,"column":44}},"63":{"start":{"line":136,"column":8},"end":{"line":136,"column":39}},"64":{"start":{"line":137,"column":8},"end":{"line":137,"column":31}},"65":{"start":{"line":140,"column":24},"end":{"line":143,"column":5}},"66":{"start":{"line":141,"column":8},"end":{"line":141,"column":57}},"67":{"start":{"line":142,"column":8},"end":{"line":142,"column":53}},"68":{"start":{"line":145,"column":28},"end":{"line":151,"column":5}},"69":{"start":{"line":146,"column":23},"end":{"line":149,"column":9}},"70":{"start":{"line":150,"column":8},"end":{"line":150,"column":38}},"71":{"start":{"line":153,"column":35},"end":{"line":156,"column":5}},"72":{"start":{"line":154,"column":8},"end":{"line":154,"column":48}},"73":{"start":{"line":155,"column":8},"end":{"line":155,"column":48}},"74":{"start":{"line":158,"column":21},"end":{"line":164,"column":5}},"75":{"start":{"line":159,"column":8},"end":{"line":163,"column":9}},"76":{"start":{"line":160,"column":12},"end":{"line":160,"column":84}},"77":{"start":{"line":162,"column":12},"end":{"line":162,"column":86}},"78":{"start":{"line":166,"column":38},"end":{"line":212,"column":5}},"79":{"start":{"line":167,"column":8},"end":{"line":179,"column":9}},"80":{"start":{"line":168,"column":12},"end":{"line":171,"column":14}},"81":{"start":{"line":172,"column":12},"end":{"line":172,"column":85}},"82":{"start":{"line":174,"column":12},"end":{"line":177,"column":14}},"83":{"start":{"line":178,"column":12},"end":{"line":178,"column":86}},"84":{"start":{"line":181,"column":8},"end":{"line":181,"column":58}},"85":{"start":{"line":182,"column":8},"end":{"line":182,"column":59}},"86":{"start":{"line":184,"column":8},"end":{"line":211,"column":9}},"87":{"start":{"line":185,"column":12},"end":{"line":210,"column":13}},"88":{"start":{"line":186,"column":16},"end":{"line":193,"column":17}},"89":{"start":{"line":187,"column":20},"end":{"line":189,"column":46}},"90":{"start":{"line":190,"column":20},"end":{"line":190,"column":105}},"91":{"start":{"line":192,"column":20},"end":{"line":192,"column":62}},"92":{"start":{"line":194,"column":16},"end":{"line":194,"column":91}},"93":{"start":{"line":196,"column":16},"end":{"line":208,"column":17}},"94":{"start":{"line":197,"column":20},"end":{"line":199,"column":46}},"95":{"start":{"line":200,"column":20},"end":{"line":204,"column":31}},"96":{"start":{"line":206,"column":20},"end":{"line":206,"column":62}},"97":{"start":{"line":207,"column":20},"end":{"line":207,"column":60}},"98":{"start":{"line":209,"column":16},"end":{"line":209,"column":92}},"99":{"start":{"line":214,"column":30},"end":{"line":239,"column":5}},"100":{"start":{"line":215,"column":25},"end":{"line":215,"column":67}},"101":{"start":{"line":216,"column":27},"end":{"line":216,"column":55}},"102":{"start":{"line":217,"column":8},"end":{"line":238,"column":11}},"103":{"start":{"line":241,"column":33},"end":{"line":246,"column":5}},"104":{"start":{"line":242,"column":8},"end":{"line":242,"column":53}},"105":{"start":{"line":243,"column":8},"end":{"line":243,"column":55}},"106":{"start":{"line":244,"column":8},"end":{"line":244,"column":61}},"107":{"start":{"line":245,"column":8},"end":{"line":245,"column":61}},"108":{"start":{"line":248,"column":33},"end":{"line":252,"column":5}},"109":{"start":{"line":249,"column":8},"end":{"line":251,"column":60}},"110":{"start":{"line":255,"column":44},"end":{"line":257,"column":72}},"111":{"start":{"line":258,"column":8},"end":{"line":262,"column":37}},"112":{"start":{"line":266,"column":28},"end":{"line":266,"column":67}},"113":{"start":{"line":267,"column":25},"end":{"line":267,"column":67}},"114":{"start":{"line":268,"column":8},"end":{"line":271,"column":41}},"115":{"start":{"line":275,"column":29},"end":{"line":275,"column":69}},"116":{"start":{"line":276,"column":25},"end":{"line":276,"column":67}},"117":{"start":{"line":277,"column":8},"end":{"line":280,"column":42}}},"fnMap":{"0":{"name":"(anonymous_0)","decl":{"start":{"line":36,"column":4},"end":{"line":36,"column":5}},"loc":{"start":{"line":36,"column":63},"end":{"line":47,"column":5}},"line":36},"1":{"name":"(anonymous_1)","decl":{"start":{"line":49,"column":31},"end":{"line":49,"column":32}},"loc":{"start":{"line":52,"column":15},"end":{"line":56,"column":5}},"line":52},"2":{"name":"(anonymous_2)","decl":{"start":{"line":58,"column":19},"end":{"line":58,"column":20}},"loc":{"start":{"line":58,"column":25},"end":{"line":62,"column":5}},"line":58},"3":{"name":"(anonymous_3)","decl":{"start":{"line":64,"column":27},"end":{"line":64,"column":28}},"loc":{"start":{"line":64,"column":33},"end":{"line":75,"column":5}},"line":64},"4":{"name":"(anonymous_4)","decl":{"start":{"line":77,"column":21},"end":{"line":77,"column":22}},"loc":{"start":{"line":77,"column":27},"end":{"line":91,"column":5}},"line":77},"5":{"name":"(anonymous_5)","decl":{"start":{"line":93,"column":32},"end":{"line":93,"column":33}},"loc":{"start":{"line":93,"column":38},"end":{"line":96,"column":5}},"line":93},"6":{"name":"(anonymous_6)","decl":{"start":{"line":98,"column":26},"end":{"line":98,"column":27}},"loc":{"start":{"line":98,"column":49},"end":{"line":120,"column":5}},"line":98},"7":{"name":"(anonymous_7)","decl":{"start":{"line":101,"column":26},"end":{"line":101,"column":27}},"loc":{"start":{"line":101,"column":67},"end":{"line":112,"column":9}},"line":101},"8":{"name":"(anonymous_8)","decl":{"start":{"line":113,"column":24},"end":{"line":113,"column":25}},"loc":{"start":{"line":113,"column":30},"end":{"line":117,"column":9}},"line":113},"9":{"name":"(anonymous_9)","decl":{"start":{"line":122,"column":27},"end":{"line":122,"column":28}},"loc":{"start":{"line":122,"column":50},"end":{"line":138,"column":5}},"line":122},"10":{"name":"(anonymous_10)","decl":{"start":{"line":140,"column":24},"end":{"line":140,"column":25}},"loc":{"start":{"line":140,"column":30},"end":{"line":143,"column":5}},"line":140},"11":{"name":"(anonymous_11)","decl":{"start":{"line":145,"column":28},"end":{"line":145,"column":29}},"loc":{"start":{"line":145,"column":81},"end":{"line":151,"column":5}},"line":145},"12":{"name":"(anonymous_12)","decl":{"start":{"line":153,"column":35},"end":{"line":153,"column":36}},"loc":{"start":{"line":153,"column":81},"end":{"line":156,"column":5}},"line":153},"13":{"name":"(anonymous_13)","decl":{"start":{"line":158,"column":21},"end":{"line":158,"column":22}},"loc":{"start":{"line":158,"column":73},"end":{"line":164,"column":5}},"line":158},"14":{"name":"(anonymous_14)","decl":{"start":{"line":166,"column":38},"end":{"line":166,"column":39}},"loc":{"start":{"line":166,"column":44},"end":{"line":212,"column":5}},"line":166},"15":{"name":"(anonymous_15)","decl":{"start":{"line":214,"column":30},"end":{"line":214,"column":31}},"loc":{"start":{"line":214,"column":36},"end":{"line":239,"column":5}},"line":214},"16":{"name":"(anonymous_16)","decl":{"start":{"line":241,"column":33},"end":{"line":241,"column":34}},"loc":{"start":{"line":241,"column":39},"end":{"line":246,"column":5}},"line":241},"17":{"name":"(anonymous_17)","decl":{"start":{"line":248,"column":33},"end":{"line":248,"column":34}},"loc":{"start":{"line":249,"column":8},"end":{"line":251,"column":60}},"line":249},"18":{"name":"(anonymous_18)","decl":{"start":{"line":254,"column":4},"end":{"line":254,"column":5}},"loc":{"start":{"line":254,"column":71},"end":{"line":263,"column":5}},"line":254},"19":{"name":"(anonymous_19)","decl":{"start":{"line":265,"column":4},"end":{"line":265,"column":5}},"loc":{"start":{"line":265,"column":44},"end":{"line":272,"column":5}},"line":265},"20":{"name":"(anonymous_20)","decl":{"start":{"line":274,"column":4},"end":{"line":274,"column":5}},"loc":{"start":{"line":274,"column":43},"end":{"line":281,"column":5}},"line":274}},"branchMap":{"0":{"loc":{"start":{"line":78,"column":8},"end":{"line":78,"column":68}},"type":"if","locations":[{"start":{"line":78,"column":8},"end":{"line":78,"column":68}},{"start":{"line":78,"column":8},"end":{"line":78,"column":68}}],"line":78},"1":{"loc":{"start":{"line":80,"column":8},"end":{"line":83,"column":9}},"type":"if","locations":[{"start":{"line":80,"column":8},"end":{"line":83,"column":9}},{"start":{"line":80,"column":8},"end":{"line":83,"column":9}}],"line":80},"2":{"loc":{"start":{"line":102,"column":12},"end":{"line":108,"column":13}},"type":"if","locations":[{"start":{"line":102,"column":12},"end":{"line":108,"column":13}},{"start":{"line":102,"column":12},"end":{"line":108,"column":13}}],"line":102},"3":{"loc":{"start":{"line":123,"column":8},"end":{"line":135,"column":9}},"type":"if","locations":[{"start":{"line":123,"column":8},"end":{"line":135,"column":9}},{"start":{"line":123,"column":8},"end":{"line":135,"column":9}}],"line":123},"4":{"loc":{"start":{"line":124,"column":12},"end":{"line":131,"column":13}},"type":"if","locations":[{"start":{"line":124,"column":12},"end":{"line":131,"column":13}},{"start":{"line":124,"column":12},"end":{"line":131,"column":13}}],"line":124},"5":{"loc":{"start":{"line":159,"column":8},"end":{"line":163,"column":9}},"type":"if","locations":[{"start":{"line":159,"column":8},"end":{"line":163,"column":9}},{"start":{"line":159,"column":8},"end":{"line":163,"column":9}}],"line":159},"6":{"loc":{"start":{"line":167,"column":8},"end":{"line":179,"column":9}},"type":"if","locations":[{"start":{"line":167,"column":8},"end":{"line":179,"column":9}},{"start":{"line":167,"column":8},"end":{"line":179,"column":9}}],"line":167},"7":{"loc":{"start":{"line":184,"column":8},"end":{"line":211,"column":9}},"type":"if","locations":[{"start":{"line":184,"column":8},"end":{"line":211,"column":9}},{"start":{"line":184,"column":8},"end":{"line":211,"column":9}}],"line":184},"8":{"loc":{"start":{"line":185,"column":12},"end":{"line":210,"column":13}},"type":"if","locations":[{"start":{"line":185,"column":12},"end":{"line":210,"column":13}},{"start":{"line":185,"column":12},"end":{"line":210,"column":13}}],"line":185},"9":{"loc":{"start":{"line":186,"column":16},"end":{"line":193,"column":17}},"type":"if","locations":[{"start":{"line":186,"column":16},"end":{"line":193,"column":17}},{"start":{"line":186,"column":16},"end":{"line":193,"column":17}}],"line":186},"10":{"loc":{"start":{"line":196,"column":16},"end":{"line":208,"column":17}},"type":"if","locations":[{"start":{"line":196,"column":16},"end":{"line":208,"column":17}},{"start":{"line":196,"column":16},"end":{"line":208,"column":17}}],"line":196},"11":{"loc":{"start":{"line":219,"column":16},"end":{"line":221,"column":23}},"type":"cond-expr","locations":[{"start":{"line":220,"column":22},"end":{"line":220,"column":77}},{"start":{"line":221,"column":22},"end":{"line":221,"column":23}}],"line":219},"12":{"loc":{"start":{"line":224,"column":16},"end":{"line":226,"column":78}},"type":"cond-expr","locations":[{"start":{"line":225,"column":22},"end":{"line":225,"column":23}},{"start":{"line":226,"column":22},"end":{"line":226,"column":78}}],"line":224},"13":{"loc":{"start":{"line":229,"column":16},"end":{"line":231,"column":24}},"type":"cond-expr","locations":[{"start":{"line":230,"column":22},"end":{"line":230,"column":99}},{"start":{"line":231,"column":22},"end":{"line":231,"column":24}}],"line":229},"14":{"loc":{"start":{"line":234,"column":16},"end":{"line":236,"column":101}},"type":"cond-expr","locations":[{"start":{"line":235,"column":22},"end":{"line":235,"column":24}},{"start":{"line":236,"column":22},"end":{"line":236,"column":101}}],"line":234},"15":{"loc":{"start":{"line":249,"column":8},"end":{"line":251,"column":60}},"type":"cond-expr","locations":[{"start":{"line":250,"column":14},"end":{"line":250,"column":57}},{"start":{"line":251,"column":14},"end":{"line":251,"column":60}}],"line":249},"16":{"loc":{"start":{"line":255,"column":44},"end":{"line":257,"column":72}},"type":"cond-expr","locations":[{"start":{"line":256,"column":14},"end":{"line":256,"column":73}},{"start":{"line":257,"column":14},"end":{"line":257,"column":72}}],"line":255}},"s":{"0":8,"1":8,"2":8,"3":8,"4":8,"5":8,"6":8,"7":8,"8":8,"9":8,"10":8,"11":0,"12":0,"13":0,"14":8,"15":8,"16":8,"17":8,"18":8,"19":8,"20":8,"21":8,"22":8,"23":8,"24":8,"25":1,"26":8,"27":3,"28":3,"29":8,"30":8,"31":8,"32":8,"33":8,"34":8,"35":8,"36":8,"37":8,"38":0,"39":0,"40":0,"41":0,"42":0,"43":0,"44":0,"45":0,"46":0,"47":0,"48":0,"49":0,"50":0,"51":0,"52":0,"53":0,"54":8,"55":0,"56":0,"57":0,"58":0,"59":0,"60":0,"61":0,"62":0,"63":0,"64":0,"65":8,"66":0,"67":0,"68":8,"69":0,"70":0,"71":8,"72":0,"73":0,"74":8,"75":11,"76":1,"77":10,"78":8,"79":8,"80":1,"81":1,"82":7,"83":7,"84":8,"85":8,"86":8,"87":3,"88":0,"89":0,"90":0,"91":0,"92":0,"93":3,"94":3,"95":3,"96":0,"97":0,"98":3,"99":8,"100":8,"101":8,"102":8,"103":8,"104":1,"105":1,"106":1,"107":1,"108":8,"109":19,"110":0,"111":0,"112":67,"113":67,"114":67,"115":7,"116":7,"117":7},"f":{"0":8,"1":0,"2":8,"3":8,"4":8,"5":8,"6":0,"7":0,"8":0,"9":0,"10":0,"11":0,"12":0,"13":11,"14":8,"15":8,"16":1,"17":19,"18":0,"19":67,"20":7},"b":{"0":[1,7],"1":[3,5],"2":[0,0],"3":[0,0],"4":[0,0],"5":[1,10],"6":[1,7],"7":[3,5],"8":[0,3],"9":[0,0],"10":[3,0],"11":[1,7],"12":[1,7],"13":[1,7],"14":[1,7],"15":[19,0],"16":[0,0]},"_coverageSchema":"1a1c01bbd47fc00a2c39e90264f33305004495a9","hash":"8d4033b3138d065dbd7b014a03ecd1de5ff1089d"}
}
