TN:
SF:src\app\view\view.ts
FN:36,(anonymous_0)
FN:49,(anonymous_1)
FN:58,(anonymous_2)
FN:64,(anonymous_3)
FN:77,(anonymous_4)
FN:93,(anonymous_5)
FN:98,(anonymous_6)
FN:101,(anonymous_7)
FN:113,(anonymous_8)
FN:122,(anonymous_9)
FN:140,(anonymous_10)
FN:145,(anonymous_11)
FN:153,(anonymous_12)
FN:158,(anonymous_13)
FN:166,(anonymous_14)
FN:214,(anonymous_15)
FN:241,(anonymous_16)
FN:248,(anonymous_17)
FN:254,(anonymous_18)
FN:265,(anonymous_19)
FN:274,(anonymous_20)
FNF:21
FNH:12
FNDA:8,(anonymous_0)
FNDA:0,(anonymous_1)
FNDA:8,(anonymous_2)
FNDA:8,(anonymous_3)
FNDA:8,(anonymous_4)
FNDA:8,(anonymous_5)
FNDA:0,(anonymous_6)
FNDA:0,(anonymous_7)
FNDA:0,(anonymous_8)
FNDA:0,(anonymous_9)
FNDA:0,(anonymous_10)
FNDA:0,(anonymous_11)
FNDA:0,(anonymous_12)
FNDA:11,(anonymous_13)
FNDA:8,(anonymous_14)
FNDA:8,(anonymous_15)
FNDA:1,(anonymous_16)
FNDA:19,(anonymous_17)
FNDA:0,(anonymous_18)
FNDA:67,(anonymous_19)
FNDA:7,(anonymous_20)
DA:37,8
DA:38,8
DA:39,8
DA:40,8
DA:41,8
DA:42,8
DA:43,8
DA:44,8
DA:45,8
DA:46,8
DA:49,8
DA:53,0
DA:54,0
DA:55,0
DA:58,8
DA:59,8
DA:60,8
DA:61,8
DA:64,8
DA:65,8
DA:66,8
DA:73,8
DA:74,8
DA:77,8
DA:78,8
DA:80,8
DA:81,3
DA:82,3
DA:85,8
DA:86,8
DA:87,8
DA:89,8
DA:90,8
DA:93,8
DA:94,8
DA:95,8
DA:98,8
DA:99,0
DA:101,0
DA:102,0
DA:103,0
DA:104,0
DA:106,0
DA:107,0
DA:109,0
DA:110,0
DA:111,0
DA:113,0
DA:114,0
DA:115,0
DA:116,0
DA:118,0
DA:119,0
DA:122,8
DA:123,0
DA:124,0
DA:126,0
DA:127,0
DA:129,0
DA:130,0
DA:133,0
DA:134,0
DA:136,0
DA:137,0
DA:140,8
DA:141,0
DA:142,0
DA:145,8
DA:146,0
DA:150,0
DA:153,8
DA:154,0
DA:155,0
DA:158,8
DA:159,11
DA:160,1
DA:162,10
DA:166,8
DA:167,8
DA:168,1
DA:172,1
DA:174,7
DA:178,7
DA:181,8
DA:182,8
DA:184,8
DA:185,3
DA:186,0
DA:187,0
DA:190,0
DA:192,0
DA:194,0
DA:196,3
DA:197,3
DA:200,3
DA:206,0
DA:207,0
DA:209,3
DA:214,8
DA:215,8
DA:216,8
DA:217,8
DA:241,8
DA:242,1
DA:243,1
DA:244,1
DA:245,1
DA:248,8
DA:249,19
DA:255,0
DA:258,0
DA:266,67
DA:267,67
DA:268,67
DA:275,7
DA:276,7
DA:277,7
LF:117
LH:73
BRDA:78,0,0,1
BRDA:78,0,1,7
BRDA:80,1,0,3
BRDA:80,1,1,5
BRDA:102,2,0,0
BRDA:102,2,1,0
BRDA:123,3,0,0
BRDA:123,3,1,0
BRDA:124,4,0,0
BRDA:124,4,1,0
BRDA:159,5,0,1
BRDA:159,5,1,10
BRDA:167,6,0,1
BRDA:167,6,1,7
BRDA:184,7,0,3
BRDA:184,7,1,5
BRDA:185,8,0,0
BRDA:185,8,1,3
BRDA:186,9,0,0
BRDA:186,9,1,0
BRDA:196,10,0,3
BRDA:196,10,1,0
BRDA:219,11,0,1
BRDA:219,11,1,7
BRDA:224,12,0,1
BRDA:224,12,1,7
BRDA:229,13,0,1
BRDA:229,13,1,7
BRDA:234,14,0,1
BRDA:234,14,1,7
BRDA:249,15,0,19
BRDA:249,15,1,0
BRDA:255,16,0,0
BRDA:255,16,1,0
BRF:34
BRH:21
end_of_record
