TN:
SF:src\app\view\view.ts
FN:36,(anonymous_0)
FN:49,(anonymous_1)
FN:58,(anonymous_2)
FN:64,(anonymous_3)
FN:77,(anonymous_4)
FN:93,(anonymous_5)
FN:98,(anonymous_6)
FN:101,(anonymous_7)
FN:113,(anonymous_8)
FN:122,(anonymous_9)
FN:140,(anonymous_10)
FN:145,(anonymous_11)
FN:153,(anonymous_12)
FN:158,(anonymous_13)
FN:166,(anonymous_14)
FN:198,(anonymous_15)
FN:220,(anonymous_16)
FN:227,(anonymous_17)
FN:233,(anonymous_18)
FN:244,(anonymous_19)
FNF:20
FNH:12
FNDA:12,(anonymous_0)
FNDA:1,(anonymous_1)
FNDA:12,(anonymous_2)
FNDA:12,(anonymous_3)
FNDA:12,(anonymous_4)
FNDA:12,(anonymous_5)
FNDA:0,(anonymous_6)
FNDA:0,(anonymous_7)
FNDA:0,(anonymous_8)
FNDA:0,(anonymous_9)
FNDA:0,(anonymous_10)
FNDA:0,(anonymous_11)
FNDA:0,(anonymous_12)
FNDA:24,(anonymous_13)
FNDA:12,(anonymous_14)
FNDA:12,(anonymous_15)
FNDA:12,(anonymous_16)
FNDA:36,(anonymous_17)
FNDA:0,(anonymous_18)
FNDA:84,(anonymous_19)
DA:37,12
DA:38,12
DA:39,12
DA:40,12
DA:41,12
DA:42,12
DA:43,12
DA:44,12
DA:45,12
DA:46,12
DA:49,12
DA:53,1
DA:54,1
DA:55,1
DA:58,12
DA:59,12
DA:60,12
DA:61,12
DA:64,12
DA:65,12
DA:66,12
DA:73,12
DA:74,12
DA:77,12
DA:78,12
DA:80,12
DA:81,12
DA:82,12
DA:85,12
DA:86,12
DA:87,12
DA:89,12
DA:90,12
DA:93,12
DA:94,12
DA:95,12
DA:98,12
DA:99,0
DA:101,0
DA:102,0
DA:103,0
DA:104,0
DA:106,0
DA:107,0
DA:109,0
DA:110,0
DA:111,0
DA:113,0
DA:114,0
DA:115,0
DA:116,0
DA:118,0
DA:119,0
DA:122,12
DA:123,0
DA:124,0
DA:126,0
DA:127,0
DA:129,0
DA:130,0
DA:133,0
DA:134,0
DA:136,0
DA:137,0
DA:140,12
DA:141,0
DA:142,0
DA:145,12
DA:146,0
DA:150,0
DA:153,12
DA:154,0
DA:155,0
DA:158,12
DA:159,24
DA:160,24
DA:162,0
DA:166,12
DA:167,12
DA:168,12
DA:169,12
DA:170,12
DA:171,12
DA:172,12
DA:173,12
DA:175,12
DA:176,12
DA:178,12
DA:179,12
DA:181,12
DA:182,12
DA:183,12
DA:186,12
DA:187,12
DA:188,0
DA:191,0
DA:192,0
DA:194,12
DA:198,12
DA:199,12
DA:200,12
DA:201,12
DA:202,12
DA:204,12
DA:220,12
DA:221,12
DA:222,12
DA:223,12
DA:224,12
DA:227,12
DA:228,36
DA:233,12
DA:234,0
DA:237,0
DA:244,12
DA:245,84
DA:246,84
DA:247,84
DA:248,84
DA:249,84
LF:120
LH:82
BRDA:78,0,0,12
BRDA:78,0,1,0
BRDA:80,1,0,12
BRDA:80,1,1,0
BRDA:102,2,0,0
BRDA:102,2,1,0
BRDA:123,3,0,0
BRDA:123,3,1,0
BRDA:124,4,0,0
BRDA:124,4,1,0
BRDA:159,5,0,24
BRDA:159,5,1,0
BRDA:181,6,0,12
BRDA:181,6,1,0
BRDA:182,7,0,12
BRDA:182,7,1,0
BRDA:187,8,0,0
BRDA:187,8,1,12
BRDA:192,9,0,0
BRDA:192,9,1,0
BRDA:206,10,0,12
BRDA:206,10,1,0
BRDA:209,11,0,12
BRDA:209,11,1,0
BRDA:212,12,0,12
BRDA:212,12,1,0
BRDA:215,13,0,12
BRDA:215,13,1,0
BRDA:228,14,0,36
BRDA:228,14,1,0
BRDA:234,15,0,0
BRDA:234,15,1,0
BRDA:247,16,0,84
BRDA:247,16,1,0
BRF:34
BRH:12
end_of_record
